<?xml version="1.0" encoding="UTF-8"?><testsuite errors="0" failures="2" name="in.reqres.userinfo.UserCRUDTestWithSteps" skipped="0" tests="5" time="3.19" timestamp="2022-06-07T17:44:35.131+01:00[Europe/London]"><testcase classname="in.reqres.userinfo.UserCRUDTestWithSteps" name="Getting List Of All Users"/><testcase classname="in.reqres.userinfo.UserCRUDTestWithSteps" name="Getting Single User By Id"/><testcase classname="in.reqres.userinfo.UserCRUDTestWithSteps" name="Creating A New User"/><testcase classname="in.reqres.userinfo.UserCRUDTestWithSteps" name="Test4: User Login Successfull"><failure message="1 expectation failed.&#10;Expected status code &lt;200&gt; but was &lt;400&gt;.&#10;" type="java.lang.AssertionError">1 expectation failed.
Expected status code &lt;200&gt; but was &lt;400&gt;.
</failure><system-err>1 expectation failed.
Expected status code &lt;200&gt; but was &lt;400&gt;.
&#13;
io.restassured.internal.ResponseSpecificationImpl.validateResponseIfRequired(ResponseSpecificationImpl.groovy:636)&#13;
io.restassured.internal.ResponseSpecificationImpl.statusCode(ResponseSpecificationImpl.groovy:122)&#13;
io.restassured.internal.ResponseSpecificationImpl.statusCode(ResponseSpecificationImpl.groovy:130)&#13;
io.restassured.internal.ValidatableResponseOptionsImpl.statusCode(ValidatableResponseOptionsImpl.java:117)&#13;
in.reqres.userinfo.UserCRUDTestWithSteps.test004(UserCRUDTestWithSteps.java:55)&#13;
</system-err></testcase><testcase classname="in.reqres.userinfo.UserCRUDTestWithSteps" name="Deleting the User and verify if the user is deleted or not"><failure message="1 expectation failed.&#10;Expected status code &lt;404&gt; but was &lt;200&gt;.&#10;" type="java.lang.AssertionError">1 expectation failed.
Expected status code &lt;404&gt; but was &lt;200&gt;.
</failure><system-err>1 expectation failed.
Expected status code &lt;404&gt; but was &lt;200&gt;.
&#13;
io.restassured.internal.ResponseSpecificationImpl.validateResponseIfRequired(ResponseSpecificationImpl.groovy:636)&#13;
io.restassured.internal.ResponseSpecificationImpl.statusCode(ResponseSpecificationImpl.groovy:122)&#13;
io.restassured.internal.ResponseSpecificationImpl.statusCode(ResponseSpecificationImpl.groovy:130)&#13;
io.restassured.internal.ValidatableResponseOptionsImpl.statusCode(ValidatableResponseOptionsImpl.java:117)&#13;
in.reqres.userinfo.UserCRUDTestWithSteps.test005(UserCRUDTestWithSteps.java:62)&#13;
</system-err></testcase></testsuite>